<?xml version="1.0" encoding="UTF-8"?>
<testng-results ignored="0" total="5" passed="4" failed="1" skipped="0">
  <reporter-output>
  </reporter-output>
  <suite started-at="2022-11-14T22:33:07 IST" name="Suite" finished-at="2022-11-14T22:36:33 IST" duration-ms="205814">
    <groups>
    </groups>
    <test started-at="2022-11-14T22:33:07 IST" name="Test" finished-at="2022-11-14T22:36:33 IST" duration-ms="205814">
      <class name="com.Shopping.testcases.Verify_Create_AccountPge">
        <test-method is-config="true" signature="launchBrowser()[pri:0, instance:com.Shopping.testcases.Verify_Create_AccountPge@21e360a]" started-at="2022-11-14T22:33:08 IST" name="launchBrowser" finished-at="2022-11-14T22:33:17 IST" duration-ms="9721" status="PASS">
          <reporter-output>
          </reporter-output>
        </test-method> <!-- launchBrowser -->
        <test-method signature="verifyCreatAccount()[pri:1, instance:com.Shopping.testcases.Verify_Create_AccountPge@21e360a]" started-at="2022-11-14T22:33:17 IST" name="verifyCreatAccount" finished-at="2022-11-14T22:33:31 IST" duration-ms="13226" status="PASS">
          <reporter-output>
          </reporter-output>
        </test-method> <!-- verifyCreatAccount -->
        <test-method is-config="true" signature="tearDown()[pri:0, instance:com.Shopping.testcases.Verify_Create_AccountPge@21e360a]" started-at="2022-11-14T22:33:31 IST" name="tearDown" finished-at="2022-11-14T22:33:31 IST" duration-ms="493" status="PASS">
          <reporter-output>
          </reporter-output>
        </test-method> <!-- tearDown -->
        <test-method is-config="true" signature="launchBrowser()[pri:0, instance:com.Shopping.testcases.Verify_Create_AccountPge@21e360a]" started-at="2022-11-14T22:33:31 IST" name="launchBrowser" finished-at="2022-11-14T22:33:37 IST" duration-ms="6114" status="PASS">
          <reporter-output>
          </reporter-output>
        </test-method> <!-- launchBrowser -->
        <test-method signature="verifyLoginPage()[pri:2, instance:com.Shopping.testcases.Verify_Create_AccountPge@21e360a]" started-at="2022-11-14T22:33:37 IST" name="verifyLoginPage" finished-at="2022-11-14T22:33:54 IST" duration-ms="16435" status="PASS">
          <reporter-output>
          </reporter-output>
        </test-method> <!-- verifyLoginPage -->
        <test-method is-config="true" signature="tearDown()[pri:0, instance:com.Shopping.testcases.Verify_Create_AccountPge@21e360a]" started-at="2022-11-14T22:33:54 IST" name="tearDown" finished-at="2022-11-14T22:33:55 IST" duration-ms="1091" status="PASS">
          <reporter-output>
          </reporter-output>
        </test-method> <!-- tearDown -->
        <test-method is-config="true" signature="launchBrowser()[pri:0, instance:com.Shopping.testcases.Verify_Create_AccountPge@21e360a]" started-at="2022-11-14T22:33:55 IST" name="launchBrowser" finished-at="2022-11-14T22:34:04 IST" duration-ms="9170" status="PASS">
          <reporter-output>
          </reporter-output>
        </test-method> <!-- launchBrowser -->
        <test-method signature="verifysignOut()[pri:3, instance:com.Shopping.testcases.Verify_Create_AccountPge@21e360a]" started-at="2022-11-14T22:34:04 IST" name="verifysignOut" finished-at="2022-11-14T22:34:15 IST" duration-ms="11076" status="PASS">
          <reporter-output>
          </reporter-output>
        </test-method> <!-- verifysignOut -->
        <test-method is-config="true" signature="tearDown()[pri:0, instance:com.Shopping.testcases.Verify_Create_AccountPge@21e360a]" started-at="2022-11-14T22:34:15 IST" name="tearDown" finished-at="2022-11-14T22:34:31 IST" duration-ms="16445" status="PASS">
          <reporter-output>
          </reporter-output>
        </test-method> <!-- tearDown -->
      </class> <!-- com.Shopping.testcases.Verify_Create_AccountPge -->
      <class name="com.Shopping.testcases.Tc_VerifySearchProduct">
        <test-method is-config="true" signature="launchBrowser()[pri:0, instance:com.Shopping.testcases.Tc_VerifySearchProduct@1151e434]" started-at="2022-11-14T22:34:31 IST" name="launchBrowser" finished-at="2022-11-14T22:34:39 IST" duration-ms="7052" status="PASS">
          <reporter-output>
          </reporter-output>
        </test-method> <!-- launchBrowser -->
        <test-method signature="verifySearchProduct()[pri:4, instance:com.Shopping.testcases.Tc_VerifySearchProduct@1151e434]" started-at="2022-11-14T22:34:39 IST" name="verifySearchProduct" finished-at="2022-11-14T22:34:59 IST" duration-ms="20743" status="PASS">
          <reporter-output>
          </reporter-output>
        </test-method> <!-- verifySearchProduct -->
        <test-method is-config="true" signature="tearDown()[pri:0, instance:com.Shopping.testcases.Tc_VerifySearchProduct@1151e434]" started-at="2022-11-14T22:34:59 IST" name="tearDown" finished-at="2022-11-14T22:35:16 IST" duration-ms="16495" status="PASS">
          <reporter-output>
          </reporter-output>
        </test-method> <!-- tearDown -->
        <test-method is-config="true" signature="launchBrowser()[pri:0, instance:com.Shopping.testcases.Tc_VerifySearchProduct@1151e434]" started-at="2022-11-14T22:35:16 IST" name="launchBrowser" finished-at="2022-11-14T22:35:23 IST" duration-ms="7438" status="PASS">
          <reporter-output>
          </reporter-output>
        </test-method> <!-- launchBrowser -->
        <test-method signature="verifyPayment()[pri:5, instance:com.Shopping.testcases.Tc_VerifySearchProduct@1151e434]" started-at="2022-11-14T22:35:23 IST" name="verifyPayment" finished-at="2022-11-14T22:36:16 IST" duration-ms="52859" status="FAIL">
          <exception class="org.openqa.selenium.ElementClickInterceptedException">
            <message>
              <![CDATA[element click intercepted: Element <button class="action primary checkout" type="submit" data-bind="
                        click: placeOrder,
                        attr: {title: $t('Place Order')},
                        css: {disabled: !isPlaceOrderActionAllowed()},
                        enable: (getCode() == isChecked())
                        " title="Place Order">...</button> is not clickable at point (867, 396). Other element would receive the click: <img alt="Loading..." src="https://magento.softwaretestingboard.com/pub/static/version1666447838/frontend/Magento/luma/en_US/images/loader-2.gif">
  (Session info: chrome=107.0.5304.107)
Build info: version: '4.1.1', revision: 'e8fcc2cecf'
System info: host: 'DESKTOP-T14GJVG', ip: '192.168.56.1', os.name: 'Windows 10', os.arch: 'amd64', os.version: '10.0', java.version: '17.0.3'
Driver info: org.openqa.selenium.chrome.ChromeDriver
Command: [ac89c55c9625674f151362de770667c7, clickElement {id=ce5b3311-044f-4f74-b08d-ab029e8e0607}]
Capabilities {acceptInsecureCerts: false, browserName: chrome, browserVersion: 107.0.5304.107, chrome: {chromedriverVersion: 107.0.5304.62 (1eec40d3a576..., userDataDir: C:\Users\91956\AppData\Loca...}, goog:chromeOptions: {debuggerAddress: localhost:62217}, javascriptEnabled: true, networkConnectionEnabled: false, pageLoadStrategy: normal, platform: WINDOWS, platformName: WINDOWS, proxy: Proxy(), se:cdp: ws://localhost:62217/devtoo..., se:cdpVersion: 107.0.5304.107, setWindowRect: true, strictFileInteractability: false, timeouts: {implicit: 0, pageLoad: 300000, script: 30000}, unhandledPromptBehavior: dismiss and notify, webauthn:extension:credBlob: true, webauthn:extension:largeBlob: true, webauthn:virtualAuthenticators: true}
Element: [[ChromeDriver: chrome on WINDOWS (ac89c55c9625674f151362de770667c7)] -> xpath: //button[normalize-space()="Place Order"]]
Session ID: ac89c55c9625674f151362de770667c7]]>
            </message>
            <full-stacktrace>
              <![CDATA[org.openqa.selenium.ElementClickInterceptedException: element click intercepted: Element <button class="action primary checkout" type="submit" data-bind="
                        click: placeOrder,
                        attr: {title: $t('Place Order')},
                        css: {disabled: !isPlaceOrderActionAllowed()},
                        enable: (getCode() == isChecked())
                        " title="Place Order">...</button> is not clickable at point (867, 396). Other element would receive the click: <img alt="Loading..." src="https://magento.softwaretestingboard.com/pub/static/version1666447838/frontend/Magento/luma/en_US/images/loader-2.gif">
  (Session info: chrome=107.0.5304.107)
Build info: version: '4.1.1', revision: 'e8fcc2cecf'
System info: host: 'DESKTOP-T14GJVG', ip: '192.168.56.1', os.name: 'Windows 10', os.arch: 'amd64', os.version: '10.0', java.version: '17.0.3'
Driver info: org.openqa.selenium.chrome.ChromeDriver
Command: [ac89c55c9625674f151362de770667c7, clickElement {id=ce5b3311-044f-4f74-b08d-ab029e8e0607}]
Capabilities {acceptInsecureCerts: false, browserName: chrome, browserVersion: 107.0.5304.107, chrome: {chromedriverVersion: 107.0.5304.62 (1eec40d3a576..., userDataDir: C:\Users\91956\AppData\Loca...}, goog:chromeOptions: {debuggerAddress: localhost:62217}, javascriptEnabled: true, networkConnectionEnabled: false, pageLoadStrategy: normal, platform: WINDOWS, platformName: WINDOWS, proxy: Proxy(), se:cdp: ws://localhost:62217/devtoo..., se:cdpVersion: 107.0.5304.107, setWindowRect: true, strictFileInteractability: false, timeouts: {implicit: 0, pageLoad: 300000, script: 30000}, unhandledPromptBehavior: dismiss and notify, webauthn:extension:credBlob: true, webauthn:extension:largeBlob: true, webauthn:virtualAuthenticators: true}
Element: [[ChromeDriver: chrome on WINDOWS (ac89c55c9625674f151362de770667c7)] -> xpath: //button[normalize-space()="Place Order"]]
Session ID: ac89c55c9625674f151362de770667c7
at java.base/jdk.internal.reflect.NativeConstructorAccessorImpl.newInstance0(Native Method)
at java.base/jdk.internal.reflect.NativeConstructorAccessorImpl.newInstance(NativeConstructorAccessorImpl.java:77)
at java.base/jdk.internal.reflect.DelegatingConstructorAccessorImpl.newInstance(DelegatingConstructorAccessorImpl.java:45)
at java.base/java.lang.reflect.Constructor.newInstanceWithCaller(Constructor.java:499)
at java.base/java.lang.reflect.Constructor.newInstance(Constructor.java:480)
at org.openqa.selenium.remote.codec.w3c.W3CHttpResponseCodec.createException(W3CHttpResponseCodec.java:200)
at org.openqa.selenium.remote.codec.w3c.W3CHttpResponseCodec.decode(W3CHttpResponseCodec.java:133)
at org.openqa.selenium.remote.codec.w3c.W3CHttpResponseCodec.decode(W3CHttpResponseCodec.java:53)
at org.openqa.selenium.remote.HttpCommandExecutor.execute(HttpCommandExecutor.java:184)
at org.openqa.selenium.remote.service.DriverCommandExecutor.invokeExecute(DriverCommandExecutor.java:167)
at org.openqa.selenium.remote.service.DriverCommandExecutor.execute(DriverCommandExecutor.java:142)
at org.openqa.selenium.remote.RemoteWebDriver.execute(RemoteWebDriver.java:543)
at org.openqa.selenium.remote.RemoteWebElement.execute(RemoteWebElement.java:251)
at org.openqa.selenium.remote.RemoteWebElement.click(RemoteWebElement.java:77)
at jdk.internal.reflect.GeneratedMethodAccessor1.invoke(Unknown Source)
at java.base/jdk.internal.reflect.DelegatingMethodAccessorImpl.invoke(DelegatingMethodAccessorImpl.java:43)
at java.base/java.lang.reflect.Method.invoke(Method.java:568)
at org.openqa.selenium.support.pagefactory.internal.LocatingElementHandler.invoke(LocatingElementHandler.java:52)
at jdk.proxy2/jdk.proxy2.$Proxy32.click(Unknown Source)
at com.Shopping.pageobjects.PayementMethod.clickOnPlaceOrder(PayementMethod.java:21)
at com.Shopping.testcases.Tc_VerifySearchProduct.verifyPayment(Tc_VerifySearchProduct.java:112)
at java.base/jdk.internal.reflect.NativeMethodAccessorImpl.invoke0(Native Method)
at java.base/jdk.internal.reflect.NativeMethodAccessorImpl.invoke(NativeMethodAccessorImpl.java:77)
at java.base/jdk.internal.reflect.DelegatingMethodAccessorImpl.invoke(DelegatingMethodAccessorImpl.java:43)
at java.base/java.lang.reflect.Method.invoke(Method.java:568)
at org.testng.internal.MethodInvocationHelper.invokeMethod(MethodInvocationHelper.java:133)
at org.testng.internal.TestInvoker.invokeMethod(TestInvoker.java:598)
at org.testng.internal.TestInvoker.invokeTestMethod(TestInvoker.java:173)
at org.testng.internal.MethodRunner.runInSequence(MethodRunner.java:46)
at org.testng.internal.TestInvoker$MethodInvocationAgent.invoke(TestInvoker.java:824)
at org.testng.internal.TestInvoker.invokeTestMethods(TestInvoker.java:146)
at org.testng.internal.TestMethodWorker.invokeTestMethods(TestMethodWorker.java:146)
at org.testng.internal.TestMethodWorker.run(TestMethodWorker.java:128)
at java.base/java.util.ArrayList.forEach(ArrayList.java:1511)
at org.testng.TestRunner.privateRun(TestRunner.java:794)
at org.testng.TestRunner.run(TestRunner.java:596)
at org.testng.SuiteRunner.runTest(SuiteRunner.java:377)
at org.testng.SuiteRunner.runSequentially(SuiteRunner.java:371)
at org.testng.SuiteRunner.privateRun(SuiteRunner.java:332)
at org.testng.SuiteRunner.run(SuiteRunner.java:276)
at org.testng.SuiteRunnerWorker.runSuite(SuiteRunnerWorker.java:53)
at org.testng.SuiteRunnerWorker.run(SuiteRunnerWorker.java:96)
at org.testng.TestNG.runSuitesSequentially(TestNG.java:1212)
at org.testng.TestNG.runSuitesLocally(TestNG.java:1134)
at org.testng.TestNG.runSuites(TestNG.java:1063)
at org.testng.TestNG.run(TestNG.java:1031)
at org.testng.remote.AbstractRemoteTestNG.run(AbstractRemoteTestNG.java:115)
at org.testng.remote.RemoteTestNG.initAndRun(RemoteTestNG.java:251)
at org.testng.remote.RemoteTestNG.main(RemoteTestNG.java:77)
]]>
            </full-stacktrace>
          </exception> <!-- org.openqa.selenium.ElementClickInterceptedException -->
          <reporter-output>
          </reporter-output>
        </test-method> <!-- verifyPayment -->
        <test-method is-config="true" signature="tearDown()[pri:0, instance:com.Shopping.testcases.Tc_VerifySearchProduct@1151e434]" started-at="2022-11-14T22:36:16 IST" name="tearDown" finished-at="2022-11-14T22:36:33 IST" duration-ms="16481" status="PASS">
          <reporter-output>
          </reporter-output>
        </test-method> <!-- tearDown -->
      </class> <!-- com.Shopping.testcases.Tc_VerifySearchProduct -->
    </test> <!-- Test -->
  </suite> <!-- Suite -->
</testng-results>
